[debug] [2025-11-06T03:30:07.178Z] ----------------------------------------------------------------------
[debug] [2025-11-06T03:30:07.183Z] Command:       C:\Program Files\nodejs\node.exe C:\Users\nachi\AppData\Roaming\npm\node_modules\firebase-tools\lib\bin\firebase.js init hosting
[debug] [2025-11-06T03:30:07.183Z] CLI Version:   14.24.0
[debug] [2025-11-06T03:30:07.184Z] Platform:      win32
[debug] [2025-11-06T03:30:07.184Z] Node Version:  v22.19.0
[debug] [2025-11-06T03:30:07.184Z] Time:          Thu Nov 06 2025 09:00:07 GMT+0530 (India Standard Time)
[debug] [2025-11-06T03:30:07.184Z] ----------------------------------------------------------------------
[debug] 
[info] 
     ######## #### ########  ######## ########     ###     ######  ########
     ##        ##  ##     ## ##       ##     ##  ##   ##  ##       ##
     ######    ##  ########  ######   ########  #########  ######  ######
     ##        ##  ##    ##  ##       ##     ## ##     ##       ## ##
     ##       #### ##     ## ######## ########  ##     ##  ######  ########

You're about to initialize a Firebase project in this directory:

  C:\Users\nachi\OneDrive\Documents\FEDF-Project Test\CodeSync-FireBase

[info] 
=== Project Setup
[info] 
[info] First, let's associate this project directory with a Firebase project.
[info] You can create multiple project aliases by running firebase use --add, 
[info] 
[debug] [2025-11-06T03:30:34.394Z] > command requires scopes: ["email","openid","https://www.googleapis.com/auth/cloudplatformprojects.readonly","https://www.googleapis.com/auth/firebase","https://www.googleapis.com/auth/cloud-platform"]
[debug] [2025-11-06T03:30:34.395Z] > authorizing via signed-in user (vulupalanachikethreddy15012007@gmail.com)
[debug] [2025-11-06T03:30:34.397Z] Checked if tokens are valid: false, expires at: 1762369836386
[debug] [2025-11-06T03:30:34.397Z] Checked if tokens are valid: false, expires at: 1762369836386
[debug] [2025-11-06T03:30:34.397Z] > refreshing access token with scopes: []
[debug] [2025-11-06T03:30:34.400Z] >>> [apiv2][query] POST https://www.googleapis.com/oauth2/v3/token [none]
[debug] [2025-11-06T03:30:34.400Z] >>> [apiv2][body] POST https://www.googleapis.com/oauth2/v3/token [omitted]
[debug] [2025-11-06T03:30:34.747Z] <<< [apiv2][status] POST https://www.googleapis.com/oauth2/v3/token 200
[debug] [2025-11-06T03:30:34.747Z] <<< [apiv2][body] POST https://www.googleapis.com/oauth2/v3/token [omitted]
[debug] [2025-11-06T03:30:34.763Z] >>> [apiv2][query] GET https://firebase.googleapis.com/v1beta1/projects pageSize=100
[debug] [2025-11-06T03:30:37.028Z] <<< [apiv2][status] GET https://firebase.googleapis.com/v1beta1/projects 200
[debug] [2025-11-06T03:30:37.028Z] <<< [apiv2][body] GET https://firebase.googleapis.com/v1beta1/projects [omitted]
[info] 
=== Hosting Setup
[debug] [2025-11-06T03:30:39.822Z] Checked if tokens are valid: true, expires at: 1762403433748
[debug] [2025-11-06T03:30:39.822Z] Checked if tokens are valid: true, expires at: 1762403433748
[debug] [2025-11-06T03:30:39.823Z] >>> [apiv2][query] GET https://firebase.googleapis.com/v1beta1/projects/codesync-97cea [none]
[debug] [2025-11-06T03:30:40.760Z] <<< [apiv2][status] GET https://firebase.googleapis.com/v1beta1/projects/codesync-97cea 200
[debug] [2025-11-06T03:30:40.760Z] <<< [apiv2][body] GET https://firebase.googleapis.com/v1beta1/projects/codesync-97cea {"projectId":"codesync-97cea","projectNumber":"535711550239","displayName":"CodeSync","name":"projects/codesync-97cea","resources":{"hostingSite":"codesync-97cea"},"state":"ACTIVE","etag":"1_3ef30261-aba2-4ad0-91fd-65cc40fa4dbc"}
[info] 
[info] Your public directory is the folder (relative to your project directory) that
[info] will contain Hosting assets to be uploaded with firebase deploy. If you
[info] have a build process for your assets, use your build's output directory.
[info] 
[info] 
[info] i  Detected a .git folder at C:\Users\nachi\OneDrive\Documents\FEDF-Project Test\CodeSync-FireBase 
[info] i  Authorizing with GitHub to upload your service account to a GitHub repository's secrets store. 
[info] 
[info] Visit this URL on this device to log in:
[info] https://github.com/login/oauth/authorize?client_id=89cf50f02ac6aaed3484&state=546931029&redirect_uri=http%3A%2F%2Flocalhost%3A9005&scope=read%3Auser%20repo%20public_repo
[info] 
[info] Waiting for authentication...
[debug] [2025-11-06T03:33:38.873Z] >>> [apiv2][query] POST https://github.com/login/oauth/access_token [none]
[debug] [2025-11-06T03:33:38.873Z] >>> [apiv2][body] POST https://github.com/login/oauth/access_token [stream]
[debug] [2025-11-06T03:33:39.470Z] <<< [apiv2][status] POST https://github.com/login/oauth/access_token 200
[debug] [2025-11-06T03:33:39.470Z] <<< [apiv2][body] POST https://github.com/login/oauth/access_token {"access_token":"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","token_type":"bearer","scope":"read:user,repo"}
[debug] [2025-11-06T03:33:39.484Z] >>> [apiv2][query] GET https://api.github.com/user [none]
[debug] [2025-11-06T03:33:40.040Z] <<< [apiv2][status] GET https://api.github.com/user 200
[debug] [2025-11-06T03:33:40.041Z] <<< [apiv2][body] GET https://api.github.com/user {"login":"VulupalaNachikethReddy","id":221015387,"node_id":"U_kgDODSxtWw","avatar_url":"https://avatars.githubusercontent.com/u/221015387?v=4","gravatar_id":"","url":"https://api.github.com/users/VulupalaNachikethReddy","html_url":"https://github.com/VulupalaNachikethReddy","followers_url":"https://api.github.com/users/VulupalaNachikethReddy/followers","following_url":"https://api.github.com/users/VulupalaNachikethReddy/following{/other_user}","gists_url":"https://api.github.com/users/VulupalaNachikethReddy/gists{/gist_id}","starred_url":"https://api.github.com/users/VulupalaNachikethReddy/starred{/owner}{/repo}","subscriptions_url":"https://api.github.com/users/VulupalaNachikethReddy/subscriptions","organizations_url":"https://api.github.com/users/VulupalaNachikethReddy/orgs","repos_url":"https://api.github.com/users/VulupalaNachikethReddy/repos","events_url":"https://api.github.com/users/VulupalaNachikethReddy/events{/privacy}","received_events_url":"https://api.github.com/users/VulupalaNachikethReddy/received_events","type":"User","user_view_type":"private","site_admin":false,"name":"Vulupala Nachiketh Reddy","company":null,"blog":"","location":null,"email":"2410030377@klh.edu.in","hireable":null,"bio":null,"twitter_username":null,"notification_email":"2410030377@klh.edu.in","public_repos":4,"public_gists":0,"followers":0,"following":0,"created_at":"2025-07-16T03:58:30Z","updated_at":"2025-11-02T13:43:57Z","private_gists":0,"total_private_repos":0,"owned_private_repos":0,"disk_usage":2168,"collaborators":0,"two_factor_authentication":true,"plan":{"name":"pro","space":976562499,"collaborators":0,"private_repos":9999}}
[info] 
[info] +  Success! Logged into GitHub as VulupalaNachikethReddy 
[info] 
